   0  $accept : %entry% $end

   1  main : expression EOL

   2  expression : VAR
   3             | INT
   4             | LPAREN expression RPAREN
   5             | expression PLUS expression
   6             | expression TIMES expression
   7             | expression MINUS expression
   8             | MINUS expression
   9             | expression L expression
  10             | expression LE expression
  11             | expression G expression
  12             | expression GE expression
  13             | expression NE expression
  14             | condition
  15             | PRINT expression
  16             | declaration

  17  condition : IF expression THEN expression ELSE expression

  18  declaration : LET VAR EQ expression IN expression

  19  %entry% : '\001' main

state 0
	$accept : . %entry% $end  (0)

	'\001'  shift 1
	.  error

	%entry%  goto 2


state 1
	%entry% : '\001' . main  (19)

	INT  shift 3
	VAR  shift 4
	MINUS  shift 5
	LPAREN  shift 6
	IF  shift 7
	PRINT  shift 8
	LET  shift 9
	.  error

	main  goto 10
	expression  goto 11
	condition  goto 12
	declaration  goto 13


state 2
	$accept : %entry% . $end  (0)

	$end  accept


state 3
	expression : INT .  (3)

	.  reduce 3


state 4
	expression : VAR .  (2)

	.  reduce 2


state 5
	expression : MINUS . expression  (8)

	INT  shift 3
	VAR  shift 4
	MINUS  shift 5
	LPAREN  shift 6
	IF  shift 7
	PRINT  shift 8
	LET  shift 9
	.  error

	expression  goto 14
	condition  goto 12
	declaration  goto 13


state 6
	expression : LPAREN . expression RPAREN  (4)

	INT  shift 3
	VAR  shift 4
	MINUS  shift 5
	LPAREN  shift 6
	IF  shift 7
	PRINT  shift 8
	LET  shift 9
	.  error

	expression  goto 15
	condition  goto 12
	declaration  goto 13


state 7
	condition : IF . expression THEN expression ELSE expression  (17)

	INT  shift 3
	VAR  shift 4
	MINUS  shift 5
	LPAREN  shift 6
	IF  shift 7
	PRINT  shift 8
	LET  shift 9
	.  error

	expression  goto 16
	condition  goto 12
	declaration  goto 13


state 8
	expression : PRINT . expression  (15)

	INT  shift 3
	VAR  shift 4
	MINUS  shift 5
	LPAREN  shift 6
	IF  shift 7
	PRINT  shift 8
	LET  shift 9
	.  error

	expression  goto 17
	condition  goto 12
	declaration  goto 13


state 9
	declaration : LET . VAR EQ expression IN expression  (18)

	VAR  shift 18
	.  error


state 10
	%entry% : '\001' main .  (19)

	.  reduce 19


state 11
	main : expression . EOL  (1)
	expression : expression . PLUS expression  (5)
	expression : expression . TIMES expression  (6)
	expression : expression . MINUS expression  (7)
	expression : expression . L expression  (9)
	expression : expression . LE expression  (10)
	expression : expression . G expression  (11)
	expression : expression . GE expression  (12)
	expression : expression . NE expression  (13)

	PLUS  shift 19
	TIMES  shift 20
	MINUS  shift 21
	EOL  shift 22
	L  shift 23
	LE  shift 24
	G  shift 25
	GE  shift 26
	NE  shift 27
	.  error


state 12
	expression : condition .  (14)

	.  reduce 14


state 13
	expression : declaration .  (16)

	.  reduce 16


14: shift/reduce conflict (shift 25, reduce 8) on G
14: shift/reduce conflict (shift 26, reduce 8) on GE
14: shift/reduce conflict (shift 27, reduce 8) on NE
state 14
	expression : expression . PLUS expression  (5)
	expression : expression . TIMES expression  (6)
	expression : expression . MINUS expression  (7)
	expression : MINUS expression .  (8)
	expression : expression . L expression  (9)
	expression : expression . LE expression  (10)
	expression : expression . G expression  (11)
	expression : expression . GE expression  (12)
	expression : expression . NE expression  (13)

	G  shift 25
	GE  shift 26
	NE  shift 27
	PLUS  reduce 8
	TIMES  reduce 8
	MINUS  reduce 8
	RPAREN  reduce 8
	EOL  reduce 8
	L  reduce 8
	LE  reduce 8
	THEN  reduce 8
	ELSE  reduce 8
	IN  reduce 8


state 15
	expression : LPAREN expression . RPAREN  (4)
	expression : expression . PLUS expression  (5)
	expression : expression . TIMES expression  (6)
	expression : expression . MINUS expression  (7)
	expression : expression . L expression  (9)
	expression : expression . LE expression  (10)
	expression : expression . G expression  (11)
	expression : expression . GE expression  (12)
	expression : expression . NE expression  (13)

	PLUS  shift 19
	TIMES  shift 20
	MINUS  shift 21
	RPAREN  shift 28
	L  shift 23
	LE  shift 24
	G  shift 25
	GE  shift 26
	NE  shift 27
	.  error


state 16
	expression : expression . PLUS expression  (5)
	expression : expression . TIMES expression  (6)
	expression : expression . MINUS expression  (7)
	expression : expression . L expression  (9)
	expression : expression . LE expression  (10)
	expression : expression . G expression  (11)
	expression : expression . GE expression  (12)
	expression : expression . NE expression  (13)
	condition : IF expression . THEN expression ELSE expression  (17)

	PLUS  shift 19
	TIMES  shift 20
	MINUS  shift 21
	L  shift 23
	LE  shift 24
	G  shift 25
	GE  shift 26
	NE  shift 27
	THEN  shift 29
	.  error


17: shift/reduce conflict (shift 25, reduce 15) on G
17: shift/reduce conflict (shift 26, reduce 15) on GE
17: shift/reduce conflict (shift 27, reduce 15) on NE
state 17
	expression : expression . PLUS expression  (5)
	expression : expression . TIMES expression  (6)
	expression : expression . MINUS expression  (7)
	expression : expression . L expression  (9)
	expression : expression . LE expression  (10)
	expression : expression . G expression  (11)
	expression : expression . GE expression  (12)
	expression : expression . NE expression  (13)
	expression : PRINT expression .  (15)

	G  shift 25
	GE  shift 26
	NE  shift 27
	PLUS  reduce 15
	TIMES  reduce 15
	MINUS  reduce 15
	RPAREN  reduce 15
	EOL  reduce 15
	L  reduce 15
	LE  reduce 15
	THEN  reduce 15
	ELSE  reduce 15
	IN  reduce 15


state 18
	declaration : LET VAR . EQ expression IN expression  (18)

	EQ  shift 30
	.  error


state 19
	expression : expression PLUS . expression  (5)

	INT  shift 3
	VAR  shift 4
	MINUS  shift 5
	LPAREN  shift 6
	IF  shift 7
	PRINT  shift 8
	LET  shift 9
	.  error

	expression  goto 31
	condition  goto 12
	declaration  goto 13


state 20
	expression : expression TIMES . expression  (6)

	INT  shift 3
	VAR  shift 4
	MINUS  shift 5
	LPAREN  shift 6
	IF  shift 7
	PRINT  shift 8
	LET  shift 9
	.  error

	expression  goto 32
	condition  goto 12
	declaration  goto 13


state 21
	expression : expression MINUS . expression  (7)

	INT  shift 3
	VAR  shift 4
	MINUS  shift 5
	LPAREN  shift 6
	IF  shift 7
	PRINT  shift 8
	LET  shift 9
	.  error

	expression  goto 33
	condition  goto 12
	declaration  goto 13


state 22
	main : expression EOL .  (1)

	.  reduce 1


state 23
	expression : expression L . expression  (9)

	INT  shift 3
	VAR  shift 4
	MINUS  shift 5
	LPAREN  shift 6
	IF  shift 7
	PRINT  shift 8
	LET  shift 9
	.  error

	expression  goto 34
	condition  goto 12
	declaration  goto 13


state 24
	expression : expression LE . expression  (10)

	INT  shift 3
	VAR  shift 4
	MINUS  shift 5
	LPAREN  shift 6
	IF  shift 7
	PRINT  shift 8
	LET  shift 9
	.  error

	expression  goto 35
	condition  goto 12
	declaration  goto 13


state 25
	expression : expression G . expression  (11)

	INT  shift 3
	VAR  shift 4
	MINUS  shift 5
	LPAREN  shift 6
	IF  shift 7
	PRINT  shift 8
	LET  shift 9
	.  error

	expression  goto 36
	condition  goto 12
	declaration  goto 13


state 26
	expression : expression GE . expression  (12)

	INT  shift 3
	VAR  shift 4
	MINUS  shift 5
	LPAREN  shift 6
	IF  shift 7
	PRINT  shift 8
	LET  shift 9
	.  error

	expression  goto 37
	condition  goto 12
	declaration  goto 13


state 27
	expression : expression NE . expression  (13)

	INT  shift 3
	VAR  shift 4
	MINUS  shift 5
	LPAREN  shift 6
	IF  shift 7
	PRINT  shift 8
	LET  shift 9
	.  error

	expression  goto 38
	condition  goto 12
	declaration  goto 13


state 28
	expression : LPAREN expression RPAREN .  (4)

	.  reduce 4


state 29
	condition : IF expression THEN . expression ELSE expression  (17)

	INT  shift 3
	VAR  shift 4
	MINUS  shift 5
	LPAREN  shift 6
	IF  shift 7
	PRINT  shift 8
	LET  shift 9
	.  error

	expression  goto 39
	condition  goto 12
	declaration  goto 13


state 30
	declaration : LET VAR EQ . expression IN expression  (18)

	INT  shift 3
	VAR  shift 4
	MINUS  shift 5
	LPAREN  shift 6
	IF  shift 7
	PRINT  shift 8
	LET  shift 9
	.  error

	expression  goto 40
	condition  goto 12
	declaration  goto 13


31: shift/reduce conflict (shift 25, reduce 5) on G
31: shift/reduce conflict (shift 26, reduce 5) on GE
31: shift/reduce conflict (shift 27, reduce 5) on NE
state 31
	expression : expression . PLUS expression  (5)
	expression : expression PLUS expression .  (5)
	expression : expression . TIMES expression  (6)
	expression : expression . MINUS expression  (7)
	expression : expression . L expression  (9)
	expression : expression . LE expression  (10)
	expression : expression . G expression  (11)
	expression : expression . GE expression  (12)
	expression : expression . NE expression  (13)

	TIMES  shift 20
	G  shift 25
	GE  shift 26
	NE  shift 27
	PLUS  reduce 5
	MINUS  reduce 5
	RPAREN  reduce 5
	EOL  reduce 5
	L  reduce 5
	LE  reduce 5
	THEN  reduce 5
	ELSE  reduce 5
	IN  reduce 5


32: shift/reduce conflict (shift 25, reduce 6) on G
32: shift/reduce conflict (shift 26, reduce 6) on GE
32: shift/reduce conflict (shift 27, reduce 6) on NE
state 32
	expression : expression . PLUS expression  (5)
	expression : expression . TIMES expression  (6)
	expression : expression TIMES expression .  (6)
	expression : expression . MINUS expression  (7)
	expression : expression . L expression  (9)
	expression : expression . LE expression  (10)
	expression : expression . G expression  (11)
	expression : expression . GE expression  (12)
	expression : expression . NE expression  (13)

	G  shift 25
	GE  shift 26
	NE  shift 27
	PLUS  reduce 6
	TIMES  reduce 6
	MINUS  reduce 6
	RPAREN  reduce 6
	EOL  reduce 6
	L  reduce 6
	LE  reduce 6
	THEN  reduce 6
	ELSE  reduce 6
	IN  reduce 6


33: shift/reduce conflict (shift 25, reduce 7) on G
33: shift/reduce conflict (shift 26, reduce 7) on GE
33: shift/reduce conflict (shift 27, reduce 7) on NE
state 33
	expression : expression . PLUS expression  (5)
	expression : expression . TIMES expression  (6)
	expression : expression . MINUS expression  (7)
	expression : expression MINUS expression .  (7)
	expression : expression . L expression  (9)
	expression : expression . LE expression  (10)
	expression : expression . G expression  (11)
	expression : expression . GE expression  (12)
	expression : expression . NE expression  (13)

	TIMES  shift 20
	G  shift 25
	GE  shift 26
	NE  shift 27
	PLUS  reduce 7
	MINUS  reduce 7
	RPAREN  reduce 7
	EOL  reduce 7
	L  reduce 7
	LE  reduce 7
	THEN  reduce 7
	ELSE  reduce 7
	IN  reduce 7


34: shift/reduce conflict (shift 25, reduce 9) on G
34: shift/reduce conflict (shift 26, reduce 9) on GE
34: shift/reduce conflict (shift 27, reduce 9) on NE
state 34
	expression : expression . PLUS expression  (5)
	expression : expression . TIMES expression  (6)
	expression : expression . MINUS expression  (7)
	expression : expression . L expression  (9)
	expression : expression L expression .  (9)
	expression : expression . LE expression  (10)
	expression : expression . G expression  (11)
	expression : expression . GE expression  (12)
	expression : expression . NE expression  (13)

	PLUS  shift 19
	TIMES  shift 20
	MINUS  shift 21
	LE  shift 24
	G  shift 25
	GE  shift 26
	NE  shift 27
	RPAREN  reduce 9
	EOL  reduce 9
	L  reduce 9
	THEN  reduce 9
	ELSE  reduce 9
	IN  reduce 9


35: shift/reduce conflict (shift 25, reduce 10) on G
35: shift/reduce conflict (shift 26, reduce 10) on GE
35: shift/reduce conflict (shift 27, reduce 10) on NE
state 35
	expression : expression . PLUS expression  (5)
	expression : expression . TIMES expression  (6)
	expression : expression . MINUS expression  (7)
	expression : expression . L expression  (9)
	expression : expression . LE expression  (10)
	expression : expression LE expression .  (10)
	expression : expression . G expression  (11)
	expression : expression . GE expression  (12)
	expression : expression . NE expression  (13)

	PLUS  shift 19
	TIMES  shift 20
	MINUS  shift 21
	G  shift 25
	GE  shift 26
	NE  shift 27
	RPAREN  reduce 10
	EOL  reduce 10
	L  reduce 10
	LE  reduce 10
	THEN  reduce 10
	ELSE  reduce 10
	IN  reduce 10


36: shift/reduce conflict (shift 19, reduce 11) on PLUS
36: shift/reduce conflict (shift 20, reduce 11) on TIMES
36: shift/reduce conflict (shift 21, reduce 11) on MINUS
36: shift/reduce conflict (shift 23, reduce 11) on L
36: shift/reduce conflict (shift 24, reduce 11) on LE
36: shift/reduce conflict (shift 25, reduce 11) on G
36: shift/reduce conflict (shift 26, reduce 11) on GE
36: shift/reduce conflict (shift 27, reduce 11) on NE
state 36
	expression : expression . PLUS expression  (5)
	expression : expression . TIMES expression  (6)
	expression : expression . MINUS expression  (7)
	expression : expression . L expression  (9)
	expression : expression . LE expression  (10)
	expression : expression . G expression  (11)
	expression : expression G expression .  (11)
	expression : expression . GE expression  (12)
	expression : expression . NE expression  (13)

	PLUS  shift 19
	TIMES  shift 20
	MINUS  shift 21
	L  shift 23
	LE  shift 24
	G  shift 25
	GE  shift 26
	NE  shift 27
	RPAREN  reduce 11
	EOL  reduce 11
	THEN  reduce 11
	ELSE  reduce 11
	IN  reduce 11


37: shift/reduce conflict (shift 19, reduce 12) on PLUS
37: shift/reduce conflict (shift 20, reduce 12) on TIMES
37: shift/reduce conflict (shift 21, reduce 12) on MINUS
37: shift/reduce conflict (shift 23, reduce 12) on L
37: shift/reduce conflict (shift 24, reduce 12) on LE
37: shift/reduce conflict (shift 25, reduce 12) on G
37: shift/reduce conflict (shift 26, reduce 12) on GE
37: shift/reduce conflict (shift 27, reduce 12) on NE
state 37
	expression : expression . PLUS expression  (5)
	expression : expression . TIMES expression  (6)
	expression : expression . MINUS expression  (7)
	expression : expression . L expression  (9)
	expression : expression . LE expression  (10)
	expression : expression . G expression  (11)
	expression : expression . GE expression  (12)
	expression : expression GE expression .  (12)
	expression : expression . NE expression  (13)

	PLUS  shift 19
	TIMES  shift 20
	MINUS  shift 21
	L  shift 23
	LE  shift 24
	G  shift 25
	GE  shift 26
	NE  shift 27
	RPAREN  reduce 12
	EOL  reduce 12
	THEN  reduce 12
	ELSE  reduce 12
	IN  reduce 12


38: shift/reduce conflict (shift 19, reduce 13) on PLUS
38: shift/reduce conflict (shift 20, reduce 13) on TIMES
38: shift/reduce conflict (shift 21, reduce 13) on MINUS
38: shift/reduce conflict (shift 23, reduce 13) on L
38: shift/reduce conflict (shift 24, reduce 13) on LE
38: shift/reduce conflict (shift 25, reduce 13) on G
38: shift/reduce conflict (shift 26, reduce 13) on GE
38: shift/reduce conflict (shift 27, reduce 13) on NE
state 38
	expression : expression . PLUS expression  (5)
	expression : expression . TIMES expression  (6)
	expression : expression . MINUS expression  (7)
	expression : expression . L expression  (9)
	expression : expression . LE expression  (10)
	expression : expression . G expression  (11)
	expression : expression . GE expression  (12)
	expression : expression . NE expression  (13)
	expression : expression NE expression .  (13)

	PLUS  shift 19
	TIMES  shift 20
	MINUS  shift 21
	L  shift 23
	LE  shift 24
	G  shift 25
	GE  shift 26
	NE  shift 27
	RPAREN  reduce 13
	EOL  reduce 13
	THEN  reduce 13
	ELSE  reduce 13
	IN  reduce 13


state 39
	expression : expression . PLUS expression  (5)
	expression : expression . TIMES expression  (6)
	expression : expression . MINUS expression  (7)
	expression : expression . L expression  (9)
	expression : expression . LE expression  (10)
	expression : expression . G expression  (11)
	expression : expression . GE expression  (12)
	expression : expression . NE expression  (13)
	condition : IF expression THEN expression . ELSE expression  (17)

	PLUS  shift 19
	TIMES  shift 20
	MINUS  shift 21
	L  shift 23
	LE  shift 24
	G  shift 25
	GE  shift 26
	NE  shift 27
	ELSE  shift 41
	.  error


state 40
	expression : expression . PLUS expression  (5)
	expression : expression . TIMES expression  (6)
	expression : expression . MINUS expression  (7)
	expression : expression . L expression  (9)
	expression : expression . LE expression  (10)
	expression : expression . G expression  (11)
	expression : expression . GE expression  (12)
	expression : expression . NE expression  (13)
	declaration : LET VAR EQ expression . IN expression  (18)

	PLUS  shift 19
	TIMES  shift 20
	MINUS  shift 21
	L  shift 23
	LE  shift 24
	G  shift 25
	GE  shift 26
	NE  shift 27
	IN  shift 42
	.  error


state 41
	condition : IF expression THEN expression ELSE . expression  (17)

	INT  shift 3
	VAR  shift 4
	MINUS  shift 5
	LPAREN  shift 6
	IF  shift 7
	PRINT  shift 8
	LET  shift 9
	.  error

	expression  goto 43
	condition  goto 12
	declaration  goto 13


state 42
	declaration : LET VAR EQ expression IN . expression  (18)

	INT  shift 3
	VAR  shift 4
	MINUS  shift 5
	LPAREN  shift 6
	IF  shift 7
	PRINT  shift 8
	LET  shift 9
	.  error

	expression  goto 44
	condition  goto 12
	declaration  goto 13


43: shift/reduce conflict (shift 25, reduce 17) on G
43: shift/reduce conflict (shift 26, reduce 17) on GE
43: shift/reduce conflict (shift 27, reduce 17) on NE
state 43
	expression : expression . PLUS expression  (5)
	expression : expression . TIMES expression  (6)
	expression : expression . MINUS expression  (7)
	expression : expression . L expression  (9)
	expression : expression . LE expression  (10)
	expression : expression . G expression  (11)
	expression : expression . GE expression  (12)
	expression : expression . NE expression  (13)
	condition : IF expression THEN expression ELSE expression .  (17)

	G  shift 25
	GE  shift 26
	NE  shift 27
	PLUS  reduce 17
	TIMES  reduce 17
	MINUS  reduce 17
	RPAREN  reduce 17
	EOL  reduce 17
	L  reduce 17
	LE  reduce 17
	THEN  reduce 17
	ELSE  reduce 17
	IN  reduce 17


44: shift/reduce conflict (shift 25, reduce 18) on G
44: shift/reduce conflict (shift 26, reduce 18) on GE
44: shift/reduce conflict (shift 27, reduce 18) on NE
state 44
	expression : expression . PLUS expression  (5)
	expression : expression . TIMES expression  (6)
	expression : expression . MINUS expression  (7)
	expression : expression . L expression  (9)
	expression : expression . LE expression  (10)
	expression : expression . G expression  (11)
	expression : expression . GE expression  (12)
	expression : expression . NE expression  (13)
	declaration : LET VAR EQ expression IN expression .  (18)

	PLUS  shift 19
	TIMES  shift 20
	MINUS  shift 21
	L  shift 23
	LE  shift 24
	G  shift 25
	GE  shift 26
	NE  shift 27
	RPAREN  reduce 18
	EOL  reduce 18
	THEN  reduce 18
	ELSE  reduce 18
	IN  reduce 18


State 14 contains 3 shift/reduce conflicts.
State 17 contains 3 shift/reduce conflicts.
State 31 contains 3 shift/reduce conflicts.
State 32 contains 3 shift/reduce conflicts.
State 33 contains 3 shift/reduce conflicts.
State 34 contains 3 shift/reduce conflicts.
State 35 contains 3 shift/reduce conflicts.
State 36 contains 8 shift/reduce conflicts.
State 37 contains 8 shift/reduce conflicts.
State 38 contains 8 shift/reduce conflicts.
State 43 contains 3 shift/reduce conflicts.
State 44 contains 3 shift/reduce conflicts.


27 terminals, 6 nonterminals
20 grammar rules, 45 states
